[debug] [2023-09-08T14:05:48.831Z] ----------------------------------------------------------------------
[debug] [2023-09-08T14:05:48.834Z] Command:       C:\Program Files\nodejs\node.exe C:\Users\faiza\AppData\Roaming\npm\node_modules\firebase-tools\lib\bin\firebase.js init
[debug] [2023-09-08T14:05:48.835Z] CLI Version:   12.5.2
[debug] [2023-09-08T14:05:48.835Z] Platform:      win32
[debug] [2023-09-08T14:05:48.835Z] Node Version:  v18.14.0
[debug] [2023-09-08T14:05:48.837Z] Time:          Fri Sep 08 2023 19:35:48 GMT+0530 (India Standard Time)
[debug] [2023-09-08T14:05:48.837Z] ----------------------------------------------------------------------
[debug] 
[debug] [2023-09-08T14:05:48.841Z] >>> [apiv2][query] GET https://firebase-public.firebaseio.com/cli.json [none]
[debug] [2023-09-08T14:05:48.884Z] > command requires scopes: ["email","openid","https://www.googleapis.com/auth/cloudplatformprojects.readonly","https://www.googleapis.com/auth/firebase","https://www.googleapis.com/auth/cloud-platform"]
[debug] [2023-09-08T14:05:48.884Z] > authorizing via signed-in user (faizalmohamed5302002@gmail.com)
[info] 
     ######## #### ########  ######## ########     ###     ######  ########
     ##        ##  ##     ## ##       ##     ##  ##   ##  ##       ##
     ######    ##  ########  ######   ########  #########  ######  ######
     ##        ##  ##    ##  ##       ##     ## ##     ##       ## ##
     ##       #### ##     ## ######## ########  ##     ##  ######  ########

You're about to initialize a Firebase project in this directory:

  D:\WEBDEVELOPMENT\Big Projects\chitchat

[debug] [2023-09-08T14:05:49.694Z] <<< [apiv2][status] GET https://firebase-public.firebaseio.com/cli.json 200
[debug] [2023-09-08T14:05:49.696Z] <<< [apiv2][body] GET https://firebase-public.firebaseio.com/cli.json {"cloudBuildErrorAfter":1594252800000,"cloudBuildWarnAfter":1590019200000,"defaultNode10After":1594252800000,"minVersion":"3.0.5","node8DeploysDisabledAfter":1613390400000,"node8RuntimeDisabledAfter":1615809600000,"node8WarnAfter":1600128000000}
